<?xml version="1.0" encoding="UTF-8"?>
<!-- Generated by org.testng.reporters.JUnitXMLReporter -->
<testsuite ignored="0" hostname="DESKTOP-R9QUHJG" failures="1" tests="1" name="Flujo3Auditoria" time="79.825" errors="0" timestamp="07 jul. 2021 17:00:37 GMT">
  <testcase classname="com.tablerovencimiento.testng.TableroAuditoriaTest" name="testFlujo3" time="15.494">
    <failure type="java.lang.AssertionError" message="expected [¡Lo sentimos!] but found [Eliminar Corte]">
      <![CDATA[java.lang.AssertionError: expected [¡Lo sentimos!] but found [Eliminar Corte]
	at com.tablerovencimiento.testng.TableroAuditoriaTest.testFlujo3(TableroAuditoriaTest.java:79)
... Removed 31 stack frames]]>
    </failure>
  </testcase> <!-- testFlujo3 -->
</testsuite> <!-- Flujo3Auditoria -->
