<?xml version="1.0" encoding="UTF-8"?>
<testng-results ignored="0" total="1" passed="1" failed="0" skipped="0">
  <reporter-output>
  </reporter-output>
  <suite started-at="2021-06-28T04:19:10Z" name="Default suite" finished-at="2021-06-28T04:22:02Z" duration-ms="171380">
    <groups>
    </groups>
    <test started-at="2021-06-28T04:19:10Z" name="Default test" finished-at="2021-06-28T04:22:02Z" duration-ms="171380">
      <class name="com.tablerovencimiento.testng.TableroVencimientoTest">
        <test-method is-config="true" signature="beforeClass()[pri:0, instance:com.tablerovencimiento.testng.TableroVencimientoTest@1ed4ae0f]" started-at="2021-06-28T01:19:11Z" name="beforeClass" finished-at="2021-06-28T01:21:04Z" duration-ms="113476" status="PASS">
          <reporter-output>
          </reporter-output>
        </test-method> <!-- beforeClass -->
        <test-method signature="testFlujo1()[pri:0, instance:com.tablerovencimiento.testng.TableroVencimientoTest@1ed4ae0f]" started-at="2021-06-28T01:21:04Z" name="testFlujo1" finished-at="2021-06-28T01:22:02Z" duration-ms="57834" status="PASS">
          <reporter-output>
          </reporter-output>
        </test-method> <!-- testFlujo1 -->
        <test-method is-config="true" signature="afterClass()[pri:0, instance:com.tablerovencimiento.testng.TableroVencimientoTest@1ed4ae0f]" started-at="2021-06-28T01:22:02Z" name="afterClass" finished-at="2021-06-28T01:22:02Z" duration-ms="0" status="PASS">
          <reporter-output>
          </reporter-output>
        </test-method> <!-- afterClass -->
      </class> <!-- com.tablerovencimiento.testng.TableroVencimientoTest -->
    </test> <!-- Default test -->
  </suite> <!-- Default suite -->
</testng-results>
